<?xml version="1.0" encoding="UTF-8"?>
<!-- Generated by org.testng.reporters.JUnitXMLReporter -->
<testsuite ignored="0" hostname="DESKTOP-SFUDGJ5" failures="1" tests="2" name="Test" time="41.692" errors="0" timestamp="2022-08-15T23:13:02 IST">
  <testcase classname="movieTest.PushpaMovieTest" name="releaseDateTest" time="18.387">
    <failure type="java.lang.AssertionError" message="expected [7 January 2022] but found [17 December 2021]">
      <![CDATA[java.lang.AssertionError: expected [7 January 2022] but found [17 December 2021]
at movieTest.PushpaMovieTest.releaseDateTest(PushpaMovieTest.java:39)
at java.base/java.util.ArrayList.forEach(ArrayList.java:1511)
... Removed 33 stack frames]]>
    </failure>
  </testcase> <!-- releaseDateTest -->
  <testcase classname="movieTest.PushpaMovieTest" name="CountryOfOriginTest" time="14.906"/>
</testsuite> <!-- Test -->
